<?xml version="1.0" encoding="UTF-8" ?>
<testsuite failures="0" time="0.031" errors="0" skipped="0" tests="16" name="TestPlayer">
  <properties>
    <property name="java.runtime.name" value="Java(TM) SE Runtime Environment"/>
    <property name="sun.boot.library.path" value="C:\Program Files\Java\jdk1.7.0_09\jre\bin"/>
    <property name="java.vm.version" value="23.5-b02"/>
    <property name="java.vm.vendor" value="Oracle Corporation"/>
    <property name="java.vendor.url" value="http://java.oracle.com/"/>
    <property name="path.separator" value=";"/>
    <property name="guice.disable.misplaced.annotation.check" value="true"/>
    <property name="java.vm.name" value="Java HotSpot(TM) Client VM"/>
    <property name="file.encoding.pkg" value="sun.io"/>
    <property name="user.script" value=""/>
    <property name="user.country" value="CN"/>
    <property name="sun.java.launcher" value="SUN_STANDARD"/>
    <property name="sun.os.patch.level" value="Service Pack 3"/>
    <property name="java.vm.specification.name" value="Java Virtual Machine Specification"/>
    <property name="user.dir" value="C:\Documents and Settings\dell\IdeaProjects\maven_rich"/>
    <property name="java.runtime.version" value="1.7.0_09-b05"/>
    <property name="java.awt.graphicsenv" value="sun.awt.Win32GraphicsEnvironment"/>
    <property name="java.endorsed.dirs" value="C:\Program Files\Java\jdk1.7.0_09\jre\lib\endorsed"/>
    <property name="os.arch" value="x86"/>
    <property name="java.io.tmpdir" value="C:\DOCUME~1\dell\LOCALS~1\Temp\"/>
    <property name="line.separator" value="
"/>
    <property name="java.vm.specification.vendor" value="Oracle Corporation"/>
    <property name="user.variant" value=""/>
    <property name="os.name" value="Windows XP"/>
    <property name="classworlds.conf" value="C:\Program Files\Java\apache-maven-3.0.4-bin\apache-maven-3.0.4\bin\m2.conf"/>
    <property name="sun.jnu.encoding" value="GB18030"/>
    <property name="java.library.path" value="C:\Program Files\Java\jdk1.7.0_09\bin;C:\WINDOWS\Sun\Java\bin;C:\WINDOWS\system32;C:\WINDOWS;C:.;C:\Program Files\Java\jdk1.7.0_09\bin;C:\Program Files\Java\jdk1.7.0_09\jre\bin;C:\WINDOWS\system32;C:\Program Files\Java\gradle-1.2-all\gradle-1.2\bin;C:\Program Files\Java\android-sdk-windows\tools;C:\WINDOWS;C:\WINDOWS\system32\wbem;C:\Program Files\Java\apache-maven-3.0.4-bin\apache-maven-3.0.4\bin;;."/>
    <property name="java.specification.name" value="Java Platform API Specification"/>
    <property name="java.class.version" value="51.0"/>
    <property name="sun.management.compiler" value="HotSpot Client Compiler"/>
    <property name="os.version" value="5.1"/>
    <property name="user.home" value="C:\Documents and Settings\dell"/>
    <property name="user.timezone" value="Asia/Shanghai"/>
    <property name="java.awt.printerjob" value="sun.awt.windows.WPrinterJob"/>
    <property name="java.specification.version" value="1.7"/>
    <property name="file.encoding" value="GB18030"/>
    <property name="user.name" value="dell"/>
    <property name="java.class.path" value="C:\Program Files\Java\apache-maven-3.0.4-bin\apache-maven-3.0.4\boot\plexus-classworlds-2.4.jar"/>
    <property name="java.vm.specification.version" value="1.7"/>
    <property name="sun.arch.data.model" value="32"/>
    <property name="java.home" value="C:\Program Files\Java\jdk1.7.0_09\jre"/>
    <property name="sun.java.command" value="org.codehaus.plexus.classworlds.launcher.Launcher clean install"/>
    <property name="java.specification.vendor" value="Oracle Corporation"/>
    <property name="user.language" value="zh"/>
    <property name="awt.toolkit" value="sun.awt.windows.WToolkit"/>
    <property name="java.vm.info" value="mixed mode, sharing"/>
    <property name="java.version" value="1.7.0_09"/>
    <property name="java.ext.dirs" value="C:\Program Files\Java\jdk1.7.0_09\jre\lib\ext;C:\WINDOWS\Sun\Java\lib\ext"/>
    <property name="sun.boot.class.path" value="C:\Program Files\Java\jdk1.7.0_09\jre\lib\resources.jar;C:\Program Files\Java\jdk1.7.0_09\jre\lib\rt.jar;C:\Program Files\Java\jdk1.7.0_09\jre\lib\sunrsasign.jar;C:\Program Files\Java\jdk1.7.0_09\jre\lib\jsse.jar;C:\Program Files\Java\jdk1.7.0_09\jre\lib\jce.jar;C:\Program Files\Java\jdk1.7.0_09\jre\lib\charsets.jar;C:\Program Files\Java\jdk1.7.0_09\jre\lib\jfr.jar;C:\Program Files\Java\jdk1.7.0_09\jre\classes"/>
    <property name="java.vendor" value="Oracle Corporation"/>
    <property name="maven.home" value="C:\Program Files\Java\apache-maven-3.0.4-bin\apache-maven-3.0.4"/>
    <property name="file.separator" value="\"/>
    <property name="java.vendor.url.bug" value="http://bugreport.sun.com/bugreport/"/>
    <property name="sun.cpu.endian" value="little"/>
    <property name="sun.io.unicode.encoding" value="UnicodeLittle"/>
    <property name="sun.desktop" value="windows"/>
    <property name="sun.cpu.isalist" value="pentium_pro+mmx pentium_pro pentium+mmx pentium i486 i386 i86"/>
  </properties>
  <testcase time="0" classname="TestPlayer" name="should_not_set_bomb_when_targetIndex_is_out_of_range"/>
  <testcase time="0" classname="TestPlayer" name="should_forward_by_n_when_rolling_for_n"/>
  <testcase time="0" classname="TestPlayer" name="should_forward_by_k_when_there_is_a_block_after_k_step"/>
  <testcase time="0" classname="TestPlayer" name="should_not_set_block_when_targetIndex_is_out_of_range"/>
  <testcase time="0" classname="TestPlayer" name="should_checkout_a_bomb_when_there_is_a_bomb"/>
  <testcase time="0.016" classname="TestPlayer" name="should_checkout_a_block_when_there_is_a_block"/>
  <testcase time="0" classname="TestPlayer" name="should_be_in_hospital_when_there_is_bomb_in_the_way"/>
  <testcase time="0" classname="TestPlayer" name="should_not_forward_again_when_in_hospital"/>
  <testcase time="0" classname="TestPlayer" name="should_not_forward_for_2_times_when_in_hospital"/>
  <testcase time="0" classname="TestPlayer" name="should_not_forward_for_3_times_when_in_hospital"/>
  <testcase time="0" classname="TestPlayer" name="should_not_forward_for_2_times_in_prison"/>
  <testcase time="0.015" classname="TestPlayer" name="should_be_in_destIndex_when_player_has_a_robot_when_there_is_a_bomb_within_10_steps"/>
  <testcase time="0" classname="TestPlayer" name="should_be_in_destIndex_when_player_has_a_block_when_there_is_a_block_within_10_steps"/>
  <testcase time="0" classname="TestPlayer" name="should_be_in_the_destIndex_when_there_is_bomb_and_block_in_the_way_but_player_has_robot"/>
  <testcase time="0" classname="TestPlayer" name="players_should_get_2000_when_choose_a_moneyCard_at_a_gift_house"/>
  <testcase time="0" classname="TestPlayer" name="players_should_get_200_point_when_choose_a_pointCard_at_a_gift_house"/>
</testsuite>